<?xml version="1.0" encoding="UTF-8"?>
<!-- Generated by org.testng.reporters.JUnitReportReporter -->
<testsuite hostname="Krushna" failures="0" tests="3" name="PracticeSet.PracticeTestng" time="0.024" errors="0" timestamp="2023-07-04T16:42:18 IST" skipped="0">
  <testcase classname="PracticeSet.PracticeTestng" name="login" time="0.018"/>
  <system-out>
Login is succesfull  </system-out>
  <testcase classname="PracticeSet.PracticeTestng" name="logout" time="0.003"/>
  <system-out>
logut is succesfull  </system-out>
  <testcase classname="PracticeSet.PracticeTestng" name="openUrl" time="0.003"/>
  <system-out>
Url is opened  </system-out>
</testsuite> <!-- PracticeSet.PracticeTestng -->
